<?xml version="1.0" encoding="UTF-8"?>
<!-- Generated by org.testng.reporters.JUnitReportReporter -->
<testsuite hostname="DESKTOP-C4TSSKC" failures="0" tests="7" name="com.MyAppApplicationTestscode" time="385.721" errors="0" timestamp="2022-10-13T22:43:41 IST" skipped="0">
  <testcase classname="com.MyAppApplicationTestscode" name="testing" time="61.376"/>
  <system-out/>
  <testcase classname="com.MyAppApplicationTestscode" name="signup" time="100.460"/>
  <system-out/>
  <testcase classname="com.MyAppApplicationTestscode" name="signin" time="54.172"/>
  <system-out/>
  <testcase classname="com.MyAppApplicationTestscode" name="adminhome" time="37.012"/>
  <system-out/>
  <testcase classname="com.MyAppApplicationTestscode" name="userhome" time="45.888"/>
  <system-out/>
  <testcase classname="com.MyAppApplicationTestscode" name="loadusers" time="55.645"/>
  <system-out/>
  <testcase classname="com.MyAppApplicationTestscode" name="approve" time="31.168"/>
  <system-out/>
</testsuite> <!-- com.MyAppApplicationTestscode -->
