<?xml version="1.0" encoding="UTF-8"?>
<!-- Generated by org.testng.reporters.JUnitReportReporter -->
<testsuite hostname="DESKTOP-C4TSSKC" failures="0" tests="1" name="com.testing.Automation" time="43.393" errors="0" timestamp="2022-10-11T21:43:20 IST" skipped="0">
  <testcase classname="com.testing.Automation" name="search" time="43.393"/>
  <system-out/>
</testsuite> <!-- com.testing.Automation -->
