<?xml version="1.0" encoding="UTF-8"?>
<!-- Generated by org.testng.reporters.JUnitReportReporter -->
<testsuite hostname="DESKTOP-C4TSSKC" failures="0" tests="1" name="com.testing.Automation_firefox" time="39.951" errors="0" timestamp="2022-10-11T21:46:17 IST" skipped="0">
  <testcase classname="com.testing.Automation_firefox" name="search" time="39.951"/>
  <system-out/>
</testsuite> <!-- com.testing.Automation_firefox -->
