<?xml version="1.0" encoding="UTF-8"?>
<!-- Generated by org.testng.reporters.JUnitReportReporter -->
<testsuite hostname="DESKTOP-C4TSSKC" failures="0" tests="4" name="com.simplilearn.demo.Automation" time="39.106" errors="0" timestamp="2022-10-02T18:45:40 IST" skipped="0">
  <testcase classname="com.simplilearn.demo.Automation" name="addtocart" time="8.843"/>
  <system-out/>
  <testcase classname="com.simplilearn.demo.Automation" name="login" time="5.293"/>
  <system-out/>
  <testcase classname="com.simplilearn.demo.Automation" name="register" time="7.603"/>
  <system-out/>
  <testcase classname="com.simplilearn.demo.Automation" name="search" time="17.367"/>
  <system-out/>
</testsuite> <!-- com.simplilearn.demo.Automation -->
