<?xml version="1.0" encoding="UTF-8"?>
<!-- Generated by org.testng.reporters.JUnitReportReporter -->
<testsuite hostname="DESKTOP-C4TSSKC" failures="0" tests="1" name="com.testing.Automation" time="56.648" errors="0" timestamp="2022-10-11T20:28:17 IST" skipped="0">
  <testcase classname="com.testing.Automation" name="search" time="56.648"/>
  <system-out/>
</testsuite> <!-- com.testing.Automation -->
