<?xml version="1.0" encoding="UTF-8"?>
<!-- Generated by org.testng.reporters.JUnitReportReporter -->
<testsuite hostname="DESKTOP-C4TSSKC" failures="0" tests="1" name="com.testing.Automation_firefox" time="91.265" errors="0" timestamp="2022-10-11T20:32:01 IST" skipped="0">
  <testcase classname="com.testing.Automation_firefox" name="search" time="91.265"/>
  <system-out/>
</testsuite> <!-- com.testing.Automation_firefox -->
